<?xml version="1.0" encoding="UTF-8"?>
<!-- Generated by org.testng.reporters.JUnitReportReporter -->
<testsuite hostname="rajnishatrismbp.lan" failures="0" tests="14" name="campaignTestPractice.MultipleSetOfDataUsingDataProvider" time="0.048" errors="0" timestamp="2025-08-21T07:38:06 CDT" skipped="0">
  <testcase classname="campaignTestPractice.MultipleSetOfDataUsingDataProvider" name="login" time="0.002"/>
  <testcase classname="campaignTestPractice.MultipleSetOfDataUsingDataProvider" name="login" time="0.003"/>
  <testcase classname="campaignTestPractice.MultipleSetOfDataUsingDataProvider" name="login" time="0.001"/>
  <testcase classname="campaignTestPractice.MultipleSetOfDataUsingDataProvider" name="login" time="0.002"/>
  <testcase classname="campaignTestPractice.MultipleSetOfDataUsingDataProvider" name="login" time="0.004"/>
  <testcase classname="campaignTestPractice.MultipleSetOfDataUsingDataProvider" name="login" time="0.003"/>
  <testcase classname="campaignTestPractice.MultipleSetOfDataUsingDataProvider" name="login" time="0.001"/>
  <testcase classname="campaignTestPractice.MultipleSetOfDataUsingDataProvider" name="login" time="0.001"/>
  <testcase classname="campaignTestPractice.MultipleSetOfDataUsingDataProvider" name="login" time="0.002"/>
  <testcase classname="campaignTestPractice.MultipleSetOfDataUsingDataProvider" name="login" time="0.001"/>
  <testcase classname="campaignTestPractice.MultipleSetOfDataUsingDataProvider" name="login" time="0.003"/>
  <testcase classname="campaignTestPractice.MultipleSetOfDataUsingDataProvider" name="login" time="0.006"/>
  <testcase classname="campaignTestPractice.MultipleSetOfDataUsingDataProvider" name="login" time="0.002"/>
  <testcase classname="campaignTestPractice.MultipleSetOfDataUsingDataProvider" name="login" time="0.017"/>
</testsuite> <!-- campaignTestPractice.MultipleSetOfDataUsingDataProvider -->
