<?xml version="1.0" encoding="UTF-8"?>
<!-- Generated by org.testng.reporters.JUnitReportReporter -->
<testsuite hostname="rajnishatrismbp.lan" failures="0" tests="1" name="campaignTestPractice.DemoForAssert" time="0.017" errors="0" timestamp="2025-09-06T07:04:46 CDT" skipped="0">
  <testcase classname="campaignTestPractice.DemoForAssert" name="test" time="0.017"/>
</testsuite> <!-- campaignTestPractice.DemoForAssert -->
